[server] Port 3001 in use. Retrying on 3002 (9 retries left)...
[server] Note: desired PORT 3001 was busy. Using 3002 instead.
ConnectionRefusedError [SequelizeConnectionRefusedError]
    at ConnectionManager.connect (C:\Users\user\Documents\ecommerce-react\node_modules\.pnpm\sequelize@6.37.7_mysql2@3.15.2\node_modules\sequelize\src\dialects\mysql\connection-manager.js:116:17)
    at process.processTicksAndRejections (node:internal/process/task_queues:105:5)
    at async ConnectionManager._connect (C:\Users\user\Documents\ecommerce-react\node_modules\.pnpm\sequelize@6.37.7_mysql2@3.15.2\node_modules\sequelize\src\dialects\abstract\connection-manager.js:332:24) {
  parent: AggregateError [ECONNREFUSED]: 
      at internalConnectMultiple (node:net:1134:18)
      at afterConnectMultiple (node:net:1715:7) {
    code: 'ECONNREFUSED',
    fatal: true,
    [errors]: [ [Error], [Error] ]
  },
  original: AggregateError [ECONNREFUSED]: 
      at internalConnectMultiple (node:net:1134:18)
      at afterConnectMultiple (node:net:1715:7) {
    code: 'ECONNREFUSED',
    fatal: true,
    [errors]: [ [Error], [Error] ]
  }
}
SequelizeConnectionRefusedError
    at ConnectionManager.connect (C:\Users\user\Documents\ecommerce-react\node_modules\.pnpm\sequelize@6.37.7_mysql2@3.15.2\node_modules\sequelize\src\dialects\mysql\connection-manager.js:116:17)
    at process.processTicksAndRejections (node:internal/process/task_queues:105:5)
    at async ConnectionManager._connect (C:\Users\user\Documents\ecommerce-react\node_modules\.pnpm\sequelize@6.37.7_mysql2@3.15.2\node_modules\sequelize\src\dialects\abstract\connection-manager.js:332:24)
SequelizeConnectionRefusedError
    at ConnectionManager.connect (C:\Users\user\Documents\ecommerce-react\node_modules\.pnpm\sequelize@6.37.7_mysql2@3.15.2\node_modules\sequelize\src\dialects\mysql\connection-manager.js:116:17)
    at process.processTicksAndRejections (node:internal/process/task_queues:105:5)
    at async ConnectionManager._connect (C:\Users\user\Documents\ecommerce-react\node_modules\.pnpm\sequelize@6.37.7_mysql2@3.15.2\node_modules\sequelize\src\dialects\abstract\connection-manager.js:332:24)
ConnectionRefusedError [SequelizeConnectionRefusedError]
    at ConnectionManager.connect (C:\Users\user\Documents\ecommerce-react\node_modules\.pnpm\sequelize@6.37.7_mysql2@3.15.2\node_modules\sequelize\src\dialects\mysql\connection-manager.js:116:17)
    at process.processTicksAndRejections (node:internal/process/task_queues:105:5)
    at async ConnectionManager._connect (C:\Users\user\Documents\ecommerce-react\node_modules\.pnpm\sequelize@6.37.7_mysql2@3.15.2\node_modules\sequelize\src\dialects\abstract\connection-manager.js:332:24) {
  parent: AggregateError [ECONNREFUSED]: 
      at internalConnectMultiple (node:net:1134:18)
      at afterConnectMultiple (node:net:1715:7) {
    code: 'ECONNREFUSED',
    fatal: true,
    [errors]: [ [Error], [Error] ]
  },
  original: AggregateError [ECONNREFUSED]: 
      at internalConnectMultiple (node:net:1134:18)
      at afterConnectMultiple (node:net:1715:7) {
    code: 'ECONNREFUSED',
    fatal: true,
    [errors]: [ [Error], [Error] ]
  }
}
ConnectionRefusedError [SequelizeConnectionRefusedError]
    at ConnectionManager.connect (C:\Users\user\Documents\ecommerce-react\node_modules\.pnpm\sequelize@6.37.7_mysql2@3.15.2\node_modules\sequelize\src\dialects\mysql\connection-manager.js:116:17)
    at process.processTicksAndRejections (node:internal/process/task_queues:105:5)
    at async ConnectionManager._connect (C:\Users\user\Documents\ecommerce-react\node_modules\.pnpm\sequelize@6.37.7_mysql2@3.15.2\node_modules\sequelize\src\dialects\abstract\connection-manager.js:332:24) {
  parent: AggregateError [ECONNREFUSED]: 
      at internalConnectMultiple (node:net:1134:18)
      at afterConnectMultiple (node:net:1715:7) {
    code: 'ECONNREFUSED',
    fatal: true,
    [errors]: [ [Error], [Error] ]
  },
  original: AggregateError [ECONNREFUSED]: 
      at internalConnectMultiple (node:net:1134:18)
      at afterConnectMultiple (node:net:1715:7) {
    code: 'ECONNREFUSED',
    fatal: true,
    [errors]: [ [Error], [Error] ]
  }
}
ConnectionRefusedError [SequelizeConnectionRefusedError]
    at ConnectionManager.connect (C:\Users\user\Documents\ecommerce-react\node_modules\.pnpm\sequelize@6.37.7_mysql2@3.15.2\node_modules\sequelize\src\dialects\mysql\connection-manager.js:116:17)
    at process.processTicksAndRejections (node:internal/process/task_queues:105:5)
    at async ConnectionManager._connect (C:\Users\user\Documents\ecommerce-react\node_modules\.pnpm\sequelize@6.37.7_mysql2@3.15.2\node_modules\sequelize\src\dialects\abstract\connection-manager.js:332:24) {
  parent: AggregateError [ECONNREFUSED]: 
      at internalConnectMultiple (node:net:1134:18)
      at afterConnectMultiple (node:net:1715:7) {
    code: 'ECONNREFUSED',
    fatal: true,
    [errors]: [ [Error], [Error] ]
  },
  original: AggregateError [ECONNREFUSED]: 
      at internalConnectMultiple (node:net:1134:18)
      at afterConnectMultiple (node:net:1715:7) {
    code: 'ECONNREFUSED',
    fatal: true,
    [errors]: [ [Error], [Error] ]
  }
}
ConnectionRefusedError [SequelizeConnectionRefusedError]
    at ConnectionManager.connect (C:\Users\user\Documents\ecommerce-react\node_modules\.pnpm\sequelize@6.37.7_mysql2@3.15.2\node_modules\sequelize\src\dialects\mysql\connection-manager.js:116:17)
    at process.processTicksAndRejections (node:internal/process/task_queues:105:5)
    at async ConnectionManager._connect (C:\Users\user\Documents\ecommerce-react\node_modules\.pnpm\sequelize@6.37.7_mysql2@3.15.2\node_modules\sequelize\src\dialects\abstract\connection-manager.js:332:24) {
  parent: AggregateError [ECONNREFUSED]: 
      at internalConnectMultiple (node:net:1134:18)
      at afterConnectMultiple (node:net:1715:7) {
    code: 'ECONNREFUSED',
    fatal: true,
    [errors]: [ [Error], [Error] ]
  },
  original: AggregateError [ECONNREFUSED]: 
      at internalConnectMultiple (node:net:1134:18)
      at afterConnectMultiple (node:net:1715:7) {
    code: 'ECONNREFUSED',
    fatal: true,
    [errors]: [ [Error], [Error] ]
  }
}
ConnectionRefusedError [SequelizeConnectionRefusedError]
    at ConnectionManager.connect (C:\Users\user\Documents\ecommerce-react\node_modules\.pnpm\sequelize@6.37.7_mysql2@3.15.2\node_modules\sequelize\src\dialects\mysql\connection-manager.js:116:17)
    at process.processTicksAndRejections (node:internal/process/task_queues:105:5)
    at async ConnectionManager._connect (C:\Users\user\Documents\ecommerce-react\node_modules\.pnpm\sequelize@6.37.7_mysql2@3.15.2\node_modules\sequelize\src\dialects\abstract\connection-manager.js:332:24) {
  parent: AggregateError [ECONNREFUSED]: 
      at internalConnectMultiple (node:net:1134:18)
      at afterConnectMultiple (node:net:1715:7) {
    code: 'ECONNREFUSED',
    fatal: true,
    [errors]: [ [Error], [Error] ]
  },
  original: AggregateError [ECONNREFUSED]: 
      at internalConnectMultiple (node:net:1134:18)
      at afterConnectMultiple (node:net:1715:7) {
    code: 'ECONNREFUSED',
    fatal: true,
    [errors]: [ [Error], [Error] ]
  }
}
ConnectionRefusedError [SequelizeConnectionRefusedError]
    at ConnectionManager.connect (C:\Users\user\Documents\ecommerce-react\node_modules\.pnpm\sequelize@6.37.7_mysql2@3.15.2\node_modules\sequelize\src\dialects\mysql\connection-manager.js:116:17)
    at process.processTicksAndRejections (node:internal/process/task_queues:105:5)
    at async ConnectionManager._connect (C:\Users\user\Documents\ecommerce-react\node_modules\.pnpm\sequelize@6.37.7_mysql2@3.15.2\node_modules\sequelize\src\dialects\abstract\connection-manager.js:332:24) {
  parent: AggregateError [ECONNREFUSED]: 
      at internalConnectMultiple (node:net:1134:18)
      at afterConnectMultiple (node:net:1715:7) {
    code: 'ECONNREFUSED',
    fatal: true,
    [errors]: [ [Error], [Error] ]
  },
  original: AggregateError [ECONNREFUSED]: 
      at internalConnectMultiple (node:net:1134:18)
      at afterConnectMultiple (node:net:1715:7) {
    code: 'ECONNREFUSED',
    fatal: true,
    [errors]: [ [Error], [Error] ]
  }
}
ConnectionRefusedError [SequelizeConnectionRefusedError]
    at ConnectionManager.connect (C:\Users\user\Documents\ecommerce-react\node_modules\.pnpm\sequelize@6.37.7_mysql2@3.15.2\node_modules\sequelize\src\dialects\mysql\connection-manager.js:116:17)
    at process.processTicksAndRejections (node:internal/process/task_queues:105:5)
    at async ConnectionManager._connect (C:\Users\user\Documents\ecommerce-react\node_modules\.pnpm\sequelize@6.37.7_mysql2@3.15.2\node_modules\sequelize\src\dialects\abstract\connection-manager.js:332:24) {
  parent: AggregateError [ECONNREFUSED]: 
      at internalConnectMultiple (node:net:1134:18)
      at afterConnectMultiple (node:net:1715:7) {
    code: 'ECONNREFUSED',
    fatal: true,
    [errors]: [ [Error], [Error] ]
  },
  original: AggregateError [ECONNREFUSED]: 
      at internalConnectMultiple (node:net:1134:18)
      at afterConnectMultiple (node:net:1715:7) {
    code: 'ECONNREFUSED',
    fatal: true,
    [errors]: [ [Error], [Error] ]
  }
}
ConnectionRefusedError [SequelizeConnectionRefusedError]
    at ConnectionManager.connect (C:\Users\user\Documents\ecommerce-react\node_modules\.pnpm\sequelize@6.37.7_mysql2@3.15.2\node_modules\sequelize\src\dialects\mysql\connection-manager.js:116:17)
    at process.processTicksAndRejections (node:internal/process/task_queues:105:5)
    at async ConnectionManager._connect (C:\Users\user\Documents\ecommerce-react\node_modules\.pnpm\sequelize@6.37.7_mysql2@3.15.2\node_modules\sequelize\src\dialects\abstract\connection-manager.js:332:24) {
  parent: AggregateError [ECONNREFUSED]: 
      at internalConnectMultiple (node:net:1134:18)
      at afterConnectMultiple (node:net:1715:7) {
    code: 'ECONNREFUSED',
    fatal: true,
    [errors]: [ [Error], [Error] ]
  },
  original: AggregateError [ECONNREFUSED]: 
      at internalConnectMultiple (node:net:1134:18)
      at afterConnectMultiple (node:net:1715:7) {
    code: 'ECONNREFUSED',
    fatal: true,
    [errors]: [ [Error], [Error] ]
  }
}
ConnectionRefusedError [SequelizeConnectionRefusedError]
    at ConnectionManager.connect (C:\Users\user\Documents\ecommerce-react\node_modules\.pnpm\sequelize@6.37.7_mysql2@3.15.2\node_modules\sequelize\src\dialects\mysql\connection-manager.js:116:17)
    at process.processTicksAndRejections (node:internal/process/task_queues:105:5)
    at async ConnectionManager._connect (C:\Users\user\Documents\ecommerce-react\node_modules\.pnpm\sequelize@6.37.7_mysql2@3.15.2\node_modules\sequelize\src\dialects\abstract\connection-manager.js:332:24) {
  parent: AggregateError [ECONNREFUSED]: 
      at internalConnectMultiple (node:net:1134:18)
      at afterConnectMultiple (node:net:1715:7) {
    code: 'ECONNREFUSED',
    fatal: true,
    [errors]: [ [Error], [Error] ]
  },
  original: AggregateError [ECONNREFUSED]: 
      at internalConnectMultiple (node:net:1134:18)
      at afterConnectMultiple (node:net:1715:7) {
    code: 'ECONNREFUSED',
    fatal: true,
    [errors]: [ [Error], [Error] ]
  }
}
ConnectionRefusedError [SequelizeConnectionRefusedError]
    at ConnectionManager.connect (C:\Users\user\Documents\ecommerce-react\node_modules\.pnpm\sequelize@6.37.7_mysql2@3.15.2\node_modules\sequelize\src\dialects\mysql\connection-manager.js:116:17)
    at process.processTicksAndRejections (node:internal/process/task_queues:105:5)
    at async ConnectionManager._connect (C:\Users\user\Documents\ecommerce-react\node_modules\.pnpm\sequelize@6.37.7_mysql2@3.15.2\node_modules\sequelize\src\dialects\abstract\connection-manager.js:332:24) {
  parent: AggregateError [ECONNREFUSED]: 
      at internalConnectMultiple (node:net:1134:18)
      at afterConnectMultiple (node:net:1715:7) {
    code: 'ECONNREFUSED',
    fatal: true,
    [errors]: [ [Error], [Error] ]
  },
  original: AggregateError [ECONNREFUSED]: 
      at internalConnectMultiple (node:net:1134:18)
      at afterConnectMultiple (node:net:1715:7) {
    code: 'ECONNREFUSED',
    fatal: true,
    [errors]: [ [Error], [Error] ]
  }
}
ConnectionRefusedError [SequelizeConnectionRefusedError]
    at ConnectionManager.connect (C:\Users\user\Documents\ecommerce-react\node_modules\.pnpm\sequelize@6.37.7_mysql2@3.15.2\node_modules\sequelize\src\dialects\mysql\connection-manager.js:116:17)
    at process.processTicksAndRejections (node:internal/process/task_queues:105:5)
    at async ConnectionManager._connect (C:\Users\user\Documents\ecommerce-react\node_modules\.pnpm\sequelize@6.37.7_mysql2@3.15.2\node_modules\sequelize\src\dialects\abstract\connection-manager.js:332:24) {
  parent: AggregateError [ECONNREFUSED]: 
      at internalConnectMultiple (node:net:1134:18)
      at afterConnectMultiple (node:net:1715:7) {
    code: 'ECONNREFUSED',
    fatal: true,
    [errors]: [ [Error], [Error] ]
  },
  original: AggregateError [ECONNREFUSED]: 
      at internalConnectMultiple (node:net:1134:18)
      at afterConnectMultiple (node:net:1715:7) {
    code: 'ECONNREFUSED',
    fatal: true,
    [errors]: [ [Error], [Error] ]
  }
}
ConnectionRefusedError [SequelizeConnectionRefusedError]
    at ConnectionManager.connect (C:\Users\user\Documents\ecommerce-react\node_modules\.pnpm\sequelize@6.37.7_mysql2@3.15.2\node_modules\sequelize\src\dialects\mysql\connection-manager.js:116:17)
    at process.processTicksAndRejections (node:internal/process/task_queues:105:5)
    at async ConnectionManager._connect (C:\Users\user\Documents\ecommerce-react\node_modules\.pnpm\sequelize@6.37.7_mysql2@3.15.2\node_modules\sequelize\src\dialects\abstract\connection-manager.js:332:24) {
  parent: AggregateError [ECONNREFUSED]: 
      at internalConnectMultiple (node:net:1134:18)
      at afterConnectMultiple (node:net:1715:7) {
    code: 'ECONNREFUSED',
    fatal: true,
    [errors]: [ [Error], [Error] ]
  },
  original: AggregateError [ECONNREFUSED]: 
      at internalConnectMultiple (node:net:1134:18)
      at afterConnectMultiple (node:net:1715:7) {
    code: 'ECONNREFUSED',
    fatal: true,
    [errors]: [ [Error], [Error] ]
  }
}
ConnectionRefusedError [SequelizeConnectionRefusedError]
    at ConnectionManager.connect (C:\Users\user\Documents\ecommerce-react\node_modules\.pnpm\sequelize@6.37.7_mysql2@3.15.2\node_modules\sequelize\src\dialects\mysql\connection-manager.js:116:17)
    at process.processTicksAndRejections (node:internal/process/task_queues:105:5)
    at async ConnectionManager._connect (C:\Users\user\Documents\ecommerce-react\node_modules\.pnpm\sequelize@6.37.7_mysql2@3.15.2\node_modules\sequelize\src\dialects\abstract\connection-manager.js:332:24) {
  parent: AggregateError [ECONNREFUSED]: 
      at internalConnectMultiple (node:net:1134:18)
      at afterConnectMultiple (node:net:1715:7) {
    code: 'ECONNREFUSED',
    fatal: true,
    [errors]: [ [Error], [Error] ]
  },
  original: AggregateError [ECONNREFUSED]: 
      at internalConnectMultiple (node:net:1134:18)
      at afterConnectMultiple (node:net:1715:7) {
    code: 'ECONNREFUSED',
    fatal: true,
    [errors]: [ [Error], [Error] ]
  }
}
ConnectionRefusedError [SequelizeConnectionRefusedError]
    at ConnectionManager.connect (C:\Users\user\Documents\ecommerce-react\node_modules\.pnpm\sequelize@6.37.7_mysql2@3.15.2\node_modules\sequelize\src\dialects\mysql\connection-manager.js:116:17)
    at process.processTicksAndRejections (node:internal/process/task_queues:105:5)
    at async ConnectionManager._connect (C:\Users\user\Documents\ecommerce-react\node_modules\.pnpm\sequelize@6.37.7_mysql2@3.15.2\node_modules\sequelize\src\dialects\abstract\connection-manager.js:332:24) {
  parent: AggregateError [ECONNREFUSED]: 
      at internalConnectMultiple (node:net:1134:18)
      at afterConnectMultiple (node:net:1715:7) {
    code: 'ECONNREFUSED',
    fatal: true,
    [errors]: [ [Error], [Error] ]
  },
  original: AggregateError [ECONNREFUSED]: 
      at internalConnectMultiple (node:net:1134:18)
      at afterConnectMultiple (node:net:1715:7) {
    code: 'ECONNREFUSED',
    fatal: true,
    [errors]: [ [Error], [Error] ]
  }
}
ConnectionRefusedError [SequelizeConnectionRefusedError]
    at ConnectionManager.connect (C:\Users\user\Documents\ecommerce-react\node_modules\.pnpm\sequelize@6.37.7_mysql2@3.15.2\node_modules\sequelize\src\dialects\mysql\connection-manager.js:116:17)
    at process.processTicksAndRejections (node:internal/process/task_queues:105:5)
    at async ConnectionManager._connect (C:\Users\user\Documents\ecommerce-react\node_modules\.pnpm\sequelize@6.37.7_mysql2@3.15.2\node_modules\sequelize\src\dialects\abstract\connection-manager.js:332:24) {
  parent: AggregateError [ECONNREFUSED]: 
      at internalConnectMultiple (node:net:1134:18)
      at afterConnectMultiple (node:net:1715:7) {
    code: 'ECONNREFUSED',
    fatal: true,
    [errors]: [ [Error], [Error] ]
  },
  original: AggregateError [ECONNREFUSED]: 
      at internalConnectMultiple (node:net:1134:18)
      at afterConnectMultiple (node:net:1715:7) {
    code: 'ECONNREFUSED',
    fatal: true,
    [errors]: [ [Error], [Error] ]
  }
}
ConnectionRefusedError [SequelizeConnectionRefusedError]
    at ConnectionManager.connect (C:\Users\user\Documents\ecommerce-react\node_modules\.pnpm\sequelize@6.37.7_mysql2@3.15.2\node_modules\sequelize\src\dialects\mysql\connection-manager.js:116:17)
    at process.processTicksAndRejections (node:internal/process/task_queues:105:5)
    at async ConnectionManager._connect (C:\Users\user\Documents\ecommerce-react\node_modules\.pnpm\sequelize@6.37.7_mysql2@3.15.2\node_modules\sequelize\src\dialects\abstract\connection-manager.js:332:24) {
  parent: AggregateError [ECONNREFUSED]: 
      at internalConnectMultiple (node:net:1134:18)
      at afterConnectMultiple (node:net:1715:7) {
    code: 'ECONNREFUSED',
    fatal: true,
    [errors]: [ [Error], [Error] ]
  },
  original: AggregateError [ECONNREFUSED]: 
      at internalConnectMultiple (node:net:1134:18)
      at afterConnectMultiple (node:net:1715:7) {
    code: 'ECONNREFUSED',
    fatal: true,
    [errors]: [ [Error], [Error] ]
  }
}
ConnectionRefusedError [SequelizeConnectionRefusedError]
    at ConnectionManager.connect (C:\Users\user\Documents\ecommerce-react\node_modules\.pnpm\sequelize@6.37.7_mysql2@3.15.2\node_modules\sequelize\src\dialects\mysql\connection-manager.js:116:17)
    at process.processTicksAndRejections (node:internal/process/task_queues:105:5)
    at async ConnectionManager._connect (C:\Users\user\Documents\ecommerce-react\node_modules\.pnpm\sequelize@6.37.7_mysql2@3.15.2\node_modules\sequelize\src\dialects\abstract\connection-manager.js:332:24) {
  parent: AggregateError [ECONNREFUSED]: 
      at internalConnectMultiple (node:net:1134:18)
      at afterConnectMultiple (node:net:1715:7) {
    code: 'ECONNREFUSED',
    fatal: true,
    [errors]: [ [Error], [Error] ]
  },
  original: AggregateError [ECONNREFUSED]: 
      at internalConnectMultiple (node:net:1134:18)
      at afterConnectMultiple (node:net:1715:7) {
    code: 'ECONNREFUSED',
    fatal: true,
    [errors]: [ [Error], [Error] ]
  }
}
ConnectionRefusedError [SequelizeConnectionRefusedError]
    at ConnectionManager.connect (C:\Users\user\Documents\ecommerce-react\node_modules\.pnpm\sequelize@6.37.7_mysql2@3.15.2\node_modules\sequelize\src\dialects\mysql\connection-manager.js:116:17)
    at process.processTicksAndRejections (node:internal/process/task_queues:105:5)
    at async ConnectionManager._connect (C:\Users\user\Documents\ecommerce-react\node_modules\.pnpm\sequelize@6.37.7_mysql2@3.15.2\node_modules\sequelize\src\dialects\abstract\connection-manager.js:332:24) {
  parent: AggregateError [ECONNREFUSED]: 
      at internalConnectMultiple (node:net:1134:18)
      at afterConnectMultiple (node:net:1715:7) {
    code: 'ECONNREFUSED',
    fatal: true,
    [errors]: [ [Error], [Error] ]
  },
  original: AggregateError [ECONNREFUSED]: 
      at internalConnectMultiple (node:net:1134:18)
      at afterConnectMultiple (node:net:1715:7) {
    code: 'ECONNREFUSED',
    fatal: true,
    [errors]: [ [Error], [Error] ]
  }
}
ConnectionRefusedError [SequelizeConnectionRefusedError]
    at ConnectionManager.connect (C:\Users\user\Documents\ecommerce-react\node_modules\.pnpm\sequelize@6.37.7_mysql2@3.15.2\node_modules\sequelize\src\dialects\mysql\connection-manager.js:116:17)
    at process.processTicksAndRejections (node:internal/process/task_queues:105:5)
    at async ConnectionManager._connect (C:\Users\user\Documents\ecommerce-react\node_modules\.pnpm\sequelize@6.37.7_mysql2@3.15.2\node_modules\sequelize\src\dialects\abstract\connection-manager.js:332:24) {
  parent: AggregateError [ECONNREFUSED]: 
      at internalConnectMultiple (node:net:1134:18)
      at afterConnectMultiple (node:net:1715:7) {
    code: 'ECONNREFUSED',
    fatal: true,
    [errors]: [ [Error], [Error] ]
  },
  original: AggregateError [ECONNREFUSED]: 
      at internalConnectMultiple (node:net:1134:18)
      at afterConnectMultiple (node:net:1715:7) {
    code: 'ECONNREFUSED',
    fatal: true,
    [errors]: [ [Error], [Error] ]
  }
}
ConnectionRefusedError [SequelizeConnectionRefusedError]
    at ConnectionManager.connect (C:\Users\user\Documents\ecommerce-react\node_modules\.pnpm\sequelize@6.37.7_mysql2@3.15.2\node_modules\sequelize\src\dialects\mysql\connection-manager.js:116:17)
    at process.processTicksAndRejections (node:internal/process/task_queues:105:5)
    at async ConnectionManager._connect (C:\Users\user\Documents\ecommerce-react\node_modules\.pnpm\sequelize@6.37.7_mysql2@3.15.2\node_modules\sequelize\src\dialects\abstract\connection-manager.js:332:24) {
  parent: AggregateError [ECONNREFUSED]: 
      at internalConnectMultiple (node:net:1134:18)
      at afterConnectMultiple (node:net:1715:7) {
    code: 'ECONNREFUSED',
    fatal: true,
    [errors]: [ [Error], [Error] ]
  },
  original: AggregateError [ECONNREFUSED]: 
      at internalConnectMultiple (node:net:1134:18)
      at afterConnectMultiple (node:net:1715:7) {
    code: 'ECONNREFUSED',
    fatal: true,
    [errors]: [ [Error], [Error] ]
  }
}
ConnectionRefusedError [SequelizeConnectionRefusedError]
    at ConnectionManager.connect (C:\Users\user\Documents\ecommerce-react\node_modules\.pnpm\sequelize@6.37.7_mysql2@3.15.2\node_modules\sequelize\src\dialects\mysql\connection-manager.js:116:17)
    at process.processTicksAndRejections (node:internal/process/task_queues:105:5)
    at async ConnectionManager._connect (C:\Users\user\Documents\ecommerce-react\node_modules\.pnpm\sequelize@6.37.7_mysql2@3.15.2\node_modules\sequelize\src\dialects\abstract\connection-manager.js:332:24) {
  parent: AggregateError [ECONNREFUSED]: 
      at internalConnectMultiple (node:net:1134:18)
      at afterConnectMultiple (node:net:1715:7) {
    code: 'ECONNREFUSED',
    fatal: true,
    [errors]: [ [Error], [Error] ]
  },
  original: AggregateError [ECONNREFUSED]: 
      at internalConnectMultiple (node:net:1134:18)
      at afterConnectMultiple (node:net:1715:7) {
    code: 'ECONNREFUSED',
    fatal: true,
    [errors]: [ [Error], [Error] ]
  }
}
ConnectionRefusedError [SequelizeConnectionRefusedError]
    at ConnectionManager.connect (C:\Users\user\Documents\ecommerce-react\node_modules\.pnpm\sequelize@6.37.7_mysql2@3.15.2\node_modules\sequelize\src\dialects\mysql\connection-manager.js:116:17)
    at process.processTicksAndRejections (node:internal/process/task_queues:105:5)
    at async ConnectionManager._connect (C:\Users\user\Documents\ecommerce-react\node_modules\.pnpm\sequelize@6.37.7_mysql2@3.15.2\node_modules\sequelize\src\dialects\abstract\connection-manager.js:332:24) {
  parent: AggregateError [ECONNREFUSED]: 
      at internalConnectMultiple (node:net:1134:18)
      at afterConnectMultiple (node:net:1715:7) {
    code: 'ECONNREFUSED',
    fatal: true,
    [errors]: [ [Error], [Error] ]
  },
  original: AggregateError [ECONNREFUSED]: 
      at internalConnectMultiple (node:net:1134:18)
      at afterConnectMultiple (node:net:1715:7) {
    code: 'ECONNREFUSED',
    fatal: true,
    [errors]: [ [Error], [Error] ]
  }
}
ConnectionRefusedError [SequelizeConnectionRefusedError]
    at ConnectionManager.connect (C:\Users\user\Documents\ecommerce-react\node_modules\.pnpm\sequelize@6.37.7_mysql2@3.15.2\node_modules\sequelize\src\dialects\mysql\connection-manager.js:116:17)
    at process.processTicksAndRejections (node:internal/process/task_queues:105:5)
    at async ConnectionManager._connect (C:\Users\user\Documents\ecommerce-react\node_modules\.pnpm\sequelize@6.37.7_mysql2@3.15.2\node_modules\sequelize\src\dialects\abstract\connection-manager.js:332:24) {
  parent: AggregateError [ECONNREFUSED]: 
      at internalConnectMultiple (node:net:1134:18)
      at afterConnectMultiple (node:net:1715:7) {
    code: 'ECONNREFUSED',
    fatal: true,
    [errors]: [ [Error], [Error] ]
  },
  original: AggregateError [ECONNREFUSED]: 
      at internalConnectMultiple (node:net:1134:18)
      at afterConnectMultiple (node:net:1715:7) {
    code: 'ECONNREFUSED',
    fatal: true,
    [errors]: [ [Error], [Error] ]
  }
}
ConnectionRefusedError [SequelizeConnectionRefusedError]
    at ConnectionManager.connect (C:\Users\user\Documents\ecommerce-react\node_modules\.pnpm\sequelize@6.37.7_mysql2@3.15.2\node_modules\sequelize\src\dialects\mysql\connection-manager.js:116:17)
    at process.processTicksAndRejections (node:internal/process/task_queues:105:5)
    at async ConnectionManager._connect (C:\Users\user\Documents\ecommerce-react\node_modules\.pnpm\sequelize@6.37.7_mysql2@3.15.2\node_modules\sequelize\src\dialects\abstract\connection-manager.js:332:24) {
  parent: AggregateError [ECONNREFUSED]: 
      at internalConnectMultiple (node:net:1134:18)
      at afterConnectMultiple (node:net:1715:7) {
    code: 'ECONNREFUSED',
    fatal: true,
    [errors]: [ [Error], [Error] ]
  },
  original: AggregateError [ECONNREFUSED]: 
      at internalConnectMultiple (node:net:1134:18)
      at afterConnectMultiple (node:net:1715:7) {
    code: 'ECONNREFUSED',
    fatal: true,
    [errors]: [ [Error], [Error] ]
  }
}
ConnectionRefusedError [SequelizeConnectionRefusedError]
    at ConnectionManager.connect (C:\Users\user\Documents\ecommerce-react\node_modules\.pnpm\sequelize@6.37.7_mysql2@3.15.2\node_modules\sequelize\src\dialects\mysql\connection-manager.js:116:17)
    at process.processTicksAndRejections (node:internal/process/task_queues:105:5)
    at async ConnectionManager._connect (C:\Users\user\Documents\ecommerce-react\node_modules\.pnpm\sequelize@6.37.7_mysql2@3.15.2\node_modules\sequelize\src\dialects\abstract\connection-manager.js:332:24) {
  parent: AggregateError [ECONNREFUSED]: 
      at internalConnectMultiple (node:net:1134:18)
      at afterConnectMultiple (node:net:1715:7) {
    code: 'ECONNREFUSED',
    fatal: true,
    [errors]: [ [Error], [Error] ]
  },
  original: AggregateError [ECONNREFUSED]: 
      at internalConnectMultiple (node:net:1134:18)
      at afterConnectMultiple (node:net:1715:7) {
    code: 'ECONNREFUSED',
    fatal: true,
    [errors]: [ [Error], [Error] ]
  }
}
ConnectionRefusedError [SequelizeConnectionRefusedError]
    at ConnectionManager.connect (C:\Users\user\Documents\ecommerce-react\node_modules\.pnpm\sequelize@6.37.7_mysql2@3.15.2\node_modules\sequelize\src\dialects\mysql\connection-manager.js:116:17)
    at process.processTicksAndRejections (node:internal/process/task_queues:105:5)
    at async ConnectionManager._connect (C:\Users\user\Documents\ecommerce-react\node_modules\.pnpm\sequelize@6.37.7_mysql2@3.15.2\node_modules\sequelize\src\dialects\abstract\connection-manager.js:332:24) {
  parent: AggregateError [ECONNREFUSED]: 
      at internalConnectMultiple (node:net:1134:18)
      at afterConnectMultiple (node:net:1715:7) {
    code: 'ECONNREFUSED',
    fatal: true,
    [errors]: [ [Error], [Error] ]
  },
  original: AggregateError [ECONNREFUSED]: 
      at internalConnectMultiple (node:net:1134:18)
      at afterConnectMultiple (node:net:1715:7) {
    code: 'ECONNREFUSED',
    fatal: true,
    [errors]: [ [Error], [Error] ]
  }
}
ConnectionRefusedError [SequelizeConnectionRefusedError]
    at ConnectionManager.connect (C:\Users\user\Documents\ecommerce-react\node_modules\.pnpm\sequelize@6.37.7_mysql2@3.15.2\node_modules\sequelize\src\dialects\mysql\connection-manager.js:116:17)
    at process.processTicksAndRejections (node:internal/process/task_queues:105:5)
    at async ConnectionManager._connect (C:\Users\user\Documents\ecommerce-react\node_modules\.pnpm\sequelize@6.37.7_mysql2@3.15.2\node_modules\sequelize\src\dialects\abstract\connection-manager.js:332:24) {
  parent: AggregateError [ECONNREFUSED]: 
      at internalConnectMultiple (node:net:1134:18)
      at afterConnectMultiple (node:net:1715:7) {
    code: 'ECONNREFUSED',
    fatal: true,
    [errors]: [ [Error], [Error] ]
  },
  original: AggregateError [ECONNREFUSED]: 
      at internalConnectMultiple (node:net:1134:18)
      at afterConnectMultiple (node:net:1715:7) {
    code: 'ECONNREFUSED',
    fatal: true,
    [errors]: [ [Error], [Error] ]
  }
}
ConnectionRefusedError [SequelizeConnectionRefusedError]
    at ConnectionManager.connect (C:\Users\user\Documents\ecommerce-react\node_modules\.pnpm\sequelize@6.37.7_mysql2@3.15.2\node_modules\sequelize\src\dialects\mysql\connection-manager.js:116:17)
    at process.processTicksAndRejections (node:internal/process/task_queues:105:5)
    at async ConnectionManager._connect (C:\Users\user\Documents\ecommerce-react\node_modules\.pnpm\sequelize@6.37.7_mysql2@3.15.2\node_modules\sequelize\src\dialects\abstract\connection-manager.js:332:24) {
  parent: AggregateError [ECONNREFUSED]: 
      at internalConnectMultiple (node:net:1134:18)
      at afterConnectMultiple (node:net:1715:7) {
    code: 'ECONNREFUSED',
    fatal: true,
    [errors]: [ [Error], [Error] ]
  },
  original: AggregateError [ECONNREFUSED]: 
      at internalConnectMultiple (node:net:1134:18)
      at afterConnectMultiple (node:net:1715:7) {
    code: 'ECONNREFUSED',
    fatal: true,
    [errors]: [ [Error], [Error] ]
  }
}
ConnectionRefusedError [SequelizeConnectionRefusedError]
    at ConnectionManager.connect (C:\Users\user\Documents\ecommerce-react\node_modules\.pnpm\sequelize@6.37.7_mysql2@3.15.2\node_modules\sequelize\src\dialects\mysql\connection-manager.js:116:17)
    at process.processTicksAndRejections (node:internal/process/task_queues:105:5)
    at async ConnectionManager._connect (C:\Users\user\Documents\ecommerce-react\node_modules\.pnpm\sequelize@6.37.7_mysql2@3.15.2\node_modules\sequelize\src\dialects\abstract\connection-manager.js:332:24) {
  parent: AggregateError [ECONNREFUSED]: 
      at internalConnectMultiple (node:net:1134:18)
      at afterConnectMultiple (node:net:1715:7) {
    code: 'ECONNREFUSED',
    fatal: true,
    [errors]: [ [Error], [Error] ]
  },
  original: AggregateError [ECONNREFUSED]: 
      at internalConnectMultiple (node:net:1134:18)
      at afterConnectMultiple (node:net:1715:7) {
    code: 'ECONNREFUSED',
    fatal: true,
    [errors]: [ [Error], [Error] ]
  }
}
ConnectionRefusedError [SequelizeConnectionRefusedError]
    at ConnectionManager.connect (C:\Users\user\Documents\ecommerce-react\node_modules\.pnpm\sequelize@6.37.7_mysql2@3.15.2\node_modules\sequelize\src\dialects\mysql\connection-manager.js:116:17)
    at process.processTicksAndRejections (node:internal/process/task_queues:105:5)
    at async ConnectionManager._connect (C:\Users\user\Documents\ecommerce-react\node_modules\.pnpm\sequelize@6.37.7_mysql2@3.15.2\node_modules\sequelize\src\dialects\abstract\connection-manager.js:332:24) {
  parent: AggregateError [ECONNREFUSED]: 
      at internalConnectMultiple (node:net:1134:18)
      at afterConnectMultiple (node:net:1715:7) {
    code: 'ECONNREFUSED',
    fatal: true,
    [errors]: [ [Error], [Error] ]
  },
  original: AggregateError [ECONNREFUSED]: 
      at internalConnectMultiple (node:net:1134:18)
      at afterConnectMultiple (node:net:1715:7) {
    code: 'ECONNREFUSED',
    fatal: true,
    [errors]: [ [Error], [Error] ]
  }
}
ConnectionRefusedError [SequelizeConnectionRefusedError]
    at ConnectionManager.connect (C:\Users\user\Documents\ecommerce-react\node_modules\.pnpm\sequelize@6.37.7_mysql2@3.15.2\node_modules\sequelize\src\dialects\mysql\connection-manager.js:116:17)
    at process.processTicksAndRejections (node:internal/process/task_queues:105:5)
    at async ConnectionManager._connect (C:\Users\user\Documents\ecommerce-react\node_modules\.pnpm\sequelize@6.37.7_mysql2@3.15.2\node_modules\sequelize\src\dialects\abstract\connection-manager.js:332:24) {
  parent: AggregateError [ECONNREFUSED]: 
      at internalConnectMultiple (node:net:1134:18)
      at afterConnectMultiple (node:net:1715:7) {
    code: 'ECONNREFUSED',
    fatal: true,
    [errors]: [ [Error], [Error] ]
  },
  original: AggregateError [ECONNREFUSED]: 
      at internalConnectMultiple (node:net:1134:18)
      at afterConnectMultiple (node:net:1715:7) {
    code: 'ECONNREFUSED',
    fatal: true,
    [errors]: [ [Error], [Error] ]
  }
}
ConnectionRefusedError [SequelizeConnectionRefusedError]
    at ConnectionManager.connect (C:\Users\user\Documents\ecommerce-react\node_modules\.pnpm\sequelize@6.37.7_mysql2@3.15.2\node_modules\sequelize\src\dialects\mysql\connection-manager.js:116:17)
    at process.processTicksAndRejections (node:internal/process/task_queues:105:5)
    at async ConnectionManager._connect (C:\Users\user\Documents\ecommerce-react\node_modules\.pnpm\sequelize@6.37.7_mysql2@3.15.2\node_modules\sequelize\src\dialects\abstract\connection-manager.js:332:24) {
  parent: AggregateError [ECONNREFUSED]: 
      at internalConnectMultiple (node:net:1134:18)
      at afterConnectMultiple (node:net:1715:7) {
    code: 'ECONNREFUSED',
    fatal: true,
    [errors]: [ [Error], [Error] ]
  },
  original: AggregateError [ECONNREFUSED]: 
      at internalConnectMultiple (node:net:1134:18)
      at afterConnectMultiple (node:net:1715:7) {
    code: 'ECONNREFUSED',
    fatal: true,
    [errors]: [ [Error], [Error] ]
  }
}
ConnectionRefusedError [SequelizeConnectionRefusedError]
    at ConnectionManager.connect (C:\Users\user\Documents\ecommerce-react\node_modules\.pnpm\sequelize@6.37.7_mysql2@3.15.2\node_modules\sequelize\src\dialects\mysql\connection-manager.js:116:17)
    at process.processTicksAndRejections (node:internal/process/task_queues:105:5)
    at async ConnectionManager._connect (C:\Users\user\Documents\ecommerce-react\node_modules\.pnpm\sequelize@6.37.7_mysql2@3.15.2\node_modules\sequelize\src\dialects\abstract\connection-manager.js:332:24) {
  parent: AggregateError [ECONNREFUSED]: 
      at internalConnectMultiple (node:net:1134:18)
      at afterConnectMultiple (node:net:1715:7) {
    code: 'ECONNREFUSED',
    fatal: true,
    [errors]: [ [Error], [Error] ]
  },
  original: AggregateError [ECONNREFUSED]: 
      at internalConnectMultiple (node:net:1134:18)
      at afterConnectMultiple (node:net:1715:7) {
    code: 'ECONNREFUSED',
    fatal: true,
    [errors]: [ [Error], [Error] ]
  }
}
ConnectionRefusedError [SequelizeConnectionRefusedError]
    at ConnectionManager.connect (C:\Users\user\Documents\ecommerce-react\node_modules\.pnpm\sequelize@6.37.7_mysql2@3.15.2\node_modules\sequelize\src\dialects\mysql\connection-manager.js:116:17)
    at process.processTicksAndRejections (node:internal/process/task_queues:105:5)
    at async ConnectionManager._connect (C:\Users\user\Documents\ecommerce-react\node_modules\.pnpm\sequelize@6.37.7_mysql2@3.15.2\node_modules\sequelize\src\dialects\abstract\connection-manager.js:332:24) {
  parent: AggregateError [ECONNREFUSED]: 
      at internalConnectMultiple (node:net:1134:18)
      at afterConnectMultiple (node:net:1715:7) {
    code: 'ECONNREFUSED',
    fatal: true,
    [errors]: [ [Error], [Error] ]
  },
  original: AggregateError [ECONNREFUSED]: 
      at internalConnectMultiple (node:net:1134:18)
      at afterConnectMultiple (node:net:1715:7) {
    code: 'ECONNREFUSED',
    fatal: true,
    [errors]: [ [Error], [Error] ]
  }
}
ConnectionRefusedError [SequelizeConnectionRefusedError]
    at ConnectionManager.connect (C:\Users\user\Documents\ecommerce-react\node_modules\.pnpm\sequelize@6.37.7_mysql2@3.15.2\node_modules\sequelize\src\dialects\mysql\connection-manager.js:116:17)
    at process.processTicksAndRejections (node:internal/process/task_queues:105:5)
    at async ConnectionManager._connect (C:\Users\user\Documents\ecommerce-react\node_modules\.pnpm\sequelize@6.37.7_mysql2@3.15.2\node_modules\sequelize\src\dialects\abstract\connection-manager.js:332:24) {
  parent: AggregateError [ECONNREFUSED]: 
      at internalConnectMultiple (node:net:1134:18)
      at afterConnectMultiple (node:net:1715:7) {
    code: 'ECONNREFUSED',
    fatal: true,
    [errors]: [ [Error], [Error] ]
  },
  original: AggregateError [ECONNREFUSED]: 
      at internalConnectMultiple (node:net:1134:18)
      at afterConnectMultiple (node:net:1715:7) {
    code: 'ECONNREFUSED',
    fatal: true,
    [errors]: [ [Error], [Error] ]
  }
}
ConnectionRefusedError [SequelizeConnectionRefusedError]
    at ConnectionManager.connect (C:\Users\user\Documents\ecommerce-react\node_modules\.pnpm\sequelize@6.37.7_mysql2@3.15.2\node_modules\sequelize\src\dialects\mysql\connection-manager.js:116:17)
    at process.processTicksAndRejections (node:internal/process/task_queues:105:5)
    at async ConnectionManager._connect (C:\Users\user\Documents\ecommerce-react\node_modules\.pnpm\sequelize@6.37.7_mysql2@3.15.2\node_modules\sequelize\src\dialects\abstract\connection-manager.js:332:24) {
  parent: AggregateError [ECONNREFUSED]: 
      at internalConnectMultiple (node:net:1134:18)
      at afterConnectMultiple (node:net:1715:7) {
    code: 'ECONNREFUSED',
    fatal: true,
    [errors]: [ [Error], [Error] ]
  },
  original: AggregateError [ECONNREFUSED]: 
      at internalConnectMultiple (node:net:1134:18)
      at afterConnectMultiple (node:net:1715:7) {
    code: 'ECONNREFUSED',
    fatal: true,
    [errors]: [ [Error], [Error] ]
  }
}
ConnectionRefusedError [SequelizeConnectionRefusedError]
    at ConnectionManager.connect (C:\Users\user\Documents\ecommerce-react\node_modules\.pnpm\sequelize@6.37.7_mysql2@3.15.2\node_modules\sequelize\src\dialects\mysql\connection-manager.js:116:17)
    at process.processTicksAndRejections (node:internal/process/task_queues:105:5)
    at async ConnectionManager._connect (C:\Users\user\Documents\ecommerce-react\node_modules\.pnpm\sequelize@6.37.7_mysql2@3.15.2\node_modules\sequelize\src\dialects\abstract\connection-manager.js:332:24) {
  parent: AggregateError [ECONNREFUSED]: 
      at internalConnectMultiple (node:net:1134:18)
      at afterConnectMultiple (node:net:1715:7) {
    code: 'ECONNREFUSED',
    fatal: true,
    [errors]: [ [Error], [Error] ]
  },
  original: AggregateError [ECONNREFUSED]: 
      at internalConnectMultiple (node:net:1134:18)
      at afterConnectMultiple (node:net:1715:7) {
    code: 'ECONNREFUSED',
    fatal: true,
    [errors]: [ [Error], [Error] ]
  }
}
SequelizeConnectionRefusedError
    at ConnectionManager.connect (C:\Users\user\Documents\ecommerce-react\node_modules\.pnpm\sequelize@6.37.7_mysql2@3.15.2\node_modules\sequelize\src\dialects\mysql\connection-manager.js:116:17)
    at process.processTicksAndRejections (node:internal/process/task_queues:105:5)
    at async ConnectionManager._connect (C:\Users\user\Documents\ecommerce-react\node_modules\.pnpm\sequelize@6.37.7_mysql2@3.15.2\node_modules\sequelize\src\dialects\abstract\connection-manager.js:332:24)
SequelizeConnectionRefusedError
    at ConnectionManager.connect (C:\Users\user\Documents\ecommerce-react\node_modules\.pnpm\sequelize@6.37.7_mysql2@3.15.2\node_modules\sequelize\src\dialects\mysql\connection-manager.js:116:17)
    at process.processTicksAndRejections (node:internal/process/task_queues:105:5)
    at async ConnectionManager._connect (C:\Users\user\Documents\ecommerce-react\node_modules\.pnpm\sequelize@6.37.7_mysql2@3.15.2\node_modules\sequelize\src\dialects\abstract\connection-manager.js:332:24)
ConnectionRefusedError [SequelizeConnectionRefusedError]
    at ConnectionManager.connect (C:\Users\user\Documents\ecommerce-react\node_modules\.pnpm\sequelize@6.37.7_mysql2@3.15.2\node_modules\sequelize\src\dialects\mysql\connection-manager.js:116:17)
    at process.processTicksAndRejections (node:internal/process/task_queues:105:5)
    at async ConnectionManager._connect (C:\Users\user\Documents\ecommerce-react\node_modules\.pnpm\sequelize@6.37.7_mysql2@3.15.2\node_modules\sequelize\src\dialects\abstract\connection-manager.js:332:24) {
  parent: AggregateError [ECONNREFUSED]: 
      at internalConnectMultiple (node:net:1134:18)
      at afterConnectMultiple (node:net:1715:7) {
    code: 'ECONNREFUSED',
    fatal: true,
    [errors]: [ [Error], [Error] ]
  },
  original: AggregateError [ECONNREFUSED]: 
      at internalConnectMultiple (node:net:1134:18)
      at afterConnectMultiple (node:net:1715:7) {
    code: 'ECONNREFUSED',
    fatal: true,
    [errors]: [ [Error], [Error] ]
  }
}
ConnectionRefusedError [SequelizeConnectionRefusedError]
    at ConnectionManager.connect (C:\Users\user\Documents\ecommerce-react\node_modules\.pnpm\sequelize@6.37.7_mysql2@3.15.2\node_modules\sequelize\src\dialects\mysql\connection-manager.js:116:17)
    at process.processTicksAndRejections (node:internal/process/task_queues:105:5)
    at async ConnectionManager._connect (C:\Users\user\Documents\ecommerce-react\node_modules\.pnpm\sequelize@6.37.7_mysql2@3.15.2\node_modules\sequelize\src\dialects\abstract\connection-manager.js:332:24) {
  parent: AggregateError [ECONNREFUSED]: 
      at internalConnectMultiple (node:net:1134:18)
      at afterConnectMultiple (node:net:1715:7) {
    code: 'ECONNREFUSED',
    fatal: true,
    [errors]: [ [Error], [Error] ]
  },
  original: AggregateError [ECONNREFUSED]: 
      at internalConnectMultiple (node:net:1134:18)
      at afterConnectMultiple (node:net:1715:7) {
    code: 'ECONNREFUSED',
    fatal: true,
    [errors]: [ [Error], [Error] ]
  }
}
ConnectionRefusedError [SequelizeConnectionRefusedError]
    at ConnectionManager.connect (C:\Users\user\Documents\ecommerce-react\node_modules\.pnpm\sequelize@6.37.7_mysql2@3.15.2\node_modules\sequelize\src\dialects\mysql\connection-manager.js:116:17)
    at process.processTicksAndRejections (node:internal/process/task_queues:105:5)
    at async ConnectionManager._connect (C:\Users\user\Documents\ecommerce-react\node_modules\.pnpm\sequelize@6.37.7_mysql2@3.15.2\node_modules\sequelize\src\dialects\abstract\connection-manager.js:332:24) {
  parent: AggregateError [ECONNREFUSED]: 
      at internalConnectMultiple (node:net:1134:18)
      at afterConnectMultiple (node:net:1715:7) {
    code: 'ECONNREFUSED',
    fatal: true,
    [errors]: [ [Error], [Error] ]
  },
  original: AggregateError [ECONNREFUSED]: 
      at internalConnectMultiple (node:net:1134:18)
      at afterConnectMultiple (node:net:1715:7) {
    code: 'ECONNREFUSED',
    fatal: true,
    [errors]: [ [Error], [Error] ]
  }
}
ConnectionRefusedError [SequelizeConnectionRefusedError]
    at ConnectionManager.connect (C:\Users\user\Documents\ecommerce-react\node_modules\.pnpm\sequelize@6.37.7_mysql2@3.15.2\node_modules\sequelize\src\dialects\mysql\connection-manager.js:116:17)
    at process.processTicksAndRejections (node:internal/process/task_queues:105:5)
    at async ConnectionManager._connect (C:\Users\user\Documents\ecommerce-react\node_modules\.pnpm\sequelize@6.37.7_mysql2@3.15.2\node_modules\sequelize\src\dialects\abstract\connection-manager.js:332:24) {
  parent: AggregateError [ECONNREFUSED]: 
      at internalConnectMultiple (node:net:1134:18)
      at afterConnectMultiple (node:net:1715:7) {
    code: 'ECONNREFUSED',
    fatal: true,
    [errors]: [ [Error], [Error] ]
  },
  original: AggregateError [ECONNREFUSED]: 
      at internalConnectMultiple (node:net:1134:18)
      at afterConnectMultiple (node:net:1715:7) {
    code: 'ECONNREFUSED',
    fatal: true,
    [errors]: [ [Error], [Error] ]
  }
}
ConnectionRefusedError [SequelizeConnectionRefusedError]
    at ConnectionManager.connect (C:\Users\user\Documents\ecommerce-react\node_modules\.pnpm\sequelize@6.37.7_mysql2@3.15.2\node_modules\sequelize\src\dialects\mysql\connection-manager.js:116:17)
    at process.processTicksAndRejections (node:internal/process/task_queues:105:5)
    at async ConnectionManager._connect (C:\Users\user\Documents\ecommerce-react\node_modules\.pnpm\sequelize@6.37.7_mysql2@3.15.2\node_modules\sequelize\src\dialects\abstract\connection-manager.js:332:24) {
  parent: AggregateError [ECONNREFUSED]: 
      at internalConnectMultiple (node:net:1134:18)
      at afterConnectMultiple (node:net:1715:7) {
    code: 'ECONNREFUSED',
    fatal: true,
    [errors]: [ [Error], [Error] ]
  },
  original: AggregateError [ECONNREFUSED]: 
      at internalConnectMultiple (node:net:1134:18)
      at afterConnectMultiple (node:net:1715:7) {
    code: 'ECONNREFUSED',
    fatal: true,
    [errors]: [ [Error], [Error] ]
  }
}
ConnectionRefusedError [SequelizeConnectionRefusedError]
    at ConnectionManager.connect (C:\Users\user\Documents\ecommerce-react\node_modules\.pnpm\sequelize@6.37.7_mysql2@3.15.2\node_modules\sequelize\src\dialects\mysql\connection-manager.js:116:17)
    at process.processTicksAndRejections (node:internal/process/task_queues:105:5)
    at async ConnectionManager._connect (C:\Users\user\Documents\ecommerce-react\node_modules\.pnpm\sequelize@6.37.7_mysql2@3.15.2\node_modules\sequelize\src\dialects\abstract\connection-manager.js:332:24) {
  parent: AggregateError [ECONNREFUSED]: 
      at internalConnectMultiple (node:net:1134:18)
      at afterConnectMultiple (node:net:1715:7) {
    code: 'ECONNREFUSED',
    fatal: true,
    [errors]: [ [Error], [Error] ]
  },
  original: AggregateError [ECONNREFUSED]: 
      at internalConnectMultiple (node:net:1134:18)
      at afterConnectMultiple (node:net:1715:7) {
    code: 'ECONNREFUSED',
    fatal: true,
    [errors]: [ [Error], [Error] ]
  }
}
ConnectionRefusedError [SequelizeConnectionRefusedError]
    at ConnectionManager.connect (C:\Users\user\Documents\ecommerce-react\node_modules\.pnpm\sequelize@6.37.7_mysql2@3.15.2\node_modules\sequelize\src\dialects\mysql\connection-manager.js:116:17)
    at process.processTicksAndRejections (node:internal/process/task_queues:105:5)
    at async ConnectionManager._connect (C:\Users\user\Documents\ecommerce-react\node_modules\.pnpm\sequelize@6.37.7_mysql2@3.15.2\node_modules\sequelize\src\dialects\abstract\connection-manager.js:332:24) {
  parent: AggregateError [ECONNREFUSED]: 
      at internalConnectMultiple (node:net:1134:18)
      at afterConnectMultiple (node:net:1715:7) {
    code: 'ECONNREFUSED',
    fatal: true,
    [errors]: [ [Error], [Error] ]
  },
  original: AggregateError [ECONNREFUSED]: 
      at internalConnectMultiple (node:net:1134:18)
      at afterConnectMultiple (node:net:1715:7) {
    code: 'ECONNREFUSED',
    fatal: true,
    [errors]: [ [Error], [Error] ]
  }
}
