
> client@0.0.0 dev C:\Users\user\Documents\ecommerce-react\client
> vite

Port 5173 is in use, trying another one...

  [32m[1mVITE[22m v7.1.9[39m  [2mready in [0m[1m850[22m[2m[0m ms[22m

  [32m➜[39m  [1mLocal[22m:   [36mhttp://localhost:[1m5174[22m/[39m
[2m  [32m➜[39m  [1mNetwork[22m[2m: use [22m[1m--host[22m[2m to expose[22m
[2m[32m  ➜[39m[22m[2m  press [22m[1mh + enter[22m[2m to show help[22m
[2m08.53.26[22m [36m[1m[vite][22m[39m [90m[2m(client)[22m[39m [32mhmr update [39m[2m/src/pages/store/Checkout.jsx, /src/pages/store/StoreProductDetailPage.jsx, /src/pages/store/StoreCartPage.jsx, /src/pages/store/StoreCategoryPage.jsx, /src/pages/store/KachaBazarDemoHomePage.jsx, /src/components/kachabazar-demo/StoreHeaderKacha.jsx, /src/storefront.jsx, /src/index.css[22m
[2m08.54.16[22m [36m[1m[vite][22m[39m [90m[2m(client)[22m[39m [32mhmr update [39m[2m/src/pages/store/Checkout.jsx, /src/pages/store/StoreProductDetailPage.jsx, /src/pages/store/StoreCartPage.jsx, /src/pages/store/StoreCategoryPage.jsx, /src/pages/store/KachaBazarDemoHomePage.jsx, /src/components/kachabazar-demo/StoreHeaderKacha.jsx, /src/storefront.jsx, /src/index.css[22m
[2m08.54.29[22m [36m[1m[vite][22m[39m [90m[2m(client)[22m[39m [32mhmr update [39m[2m/src/auth/AuthContext.jsx, /src/index.css[22m
[2m09.00.02[22m [36m[1m[vite][22m[39m [90m[2m(client)[22m[39m [32mhmr update [39m[2m/src/pages/store/Checkout.jsx, /src/pages/store/StoreProductDetailPage.jsx, /src/pages/store/StoreCartPage.jsx, /src/pages/store/StoreCategoryPage.jsx, /src/pages/store/KachaBazarDemoHomePage.jsx, /src/components/kachabazar-demo/StoreHeaderKacha.jsx, /src/storefront.jsx, /src/index.css[22m
[2m09.00.21[22m [36m[1m[vite][22m[39m [90m[2m(client)[22m[39m [32mhmr update [39m[2m/src/pages/store/Checkout.jsx, /src/pages/store/StoreProductDetailPage.jsx, /src/pages/store/StoreCartPage.jsx, /src/pages/store/StoreCategoryPage.jsx, /src/pages/store/KachaBazarDemoHomePage.jsx, /src/components/kachabazar-demo/StoreHeaderKacha.jsx, /src/storefront.jsx, /src/index.css[22m
[2m09.00.28[22m [36m[1m[vite][22m[39m [90m[2m(client)[22m[39m [32mhmr update [39m[2m/src/auth/AuthContext.jsx, /src/index.css[22m
[2m09.08.01[22m [36m[1m[vite][22m[39m [90m[2m(client)[22m[39m [32mhmr update [39m[2m/src/pages/store/Checkout.jsx, /src/pages/store/StoreProductDetailPage.jsx, /src/pages/store/StoreCartPage.jsx, /src/pages/store/StoreCategoryPage.jsx, /src/pages/store/KachaBazarDemoHomePage.jsx, /src/components/kachabazar-demo/StoreHeaderKacha.jsx, /src/storefront.jsx, /src/index.css[22m
[2m09.08.10[22m [36m[1m[vite][22m[39m [90m[2m(client)[22m[39m [32mhmr update [39m[2m/src/auth/AuthContext.jsx, /src/index.css[22m
[2m09.09.59[22m [36m[1m[vite][22m[39m [90m[2m(client)[22m[39m [32mhmr update [39m[2m/src/auth/AuthContext.jsx, /src/index.css[22m
[2m09.11.40[22m [36m[1m[vite][22m[39m [90m[2m(client)[22m[39m [32mhmr update [39m[2m/src/pages/store/Checkout.jsx, /src/pages/store/StoreProductDetailPage.jsx, /src/pages/store/StoreCartPage.jsx, /src/pages/store/StoreCategoryPage.jsx, /src/pages/store/KachaBazarDemoHomePage.jsx, /src/components/kachabazar-demo/StoreHeaderKacha.jsx, /src/storefront.jsx, /src/index.css[22m
[2m09.12.11[22m [36m[1m[vite][22m[39m [90m[2m(client)[22m[39m [32mhmr update [39m[2m/src/pages/store/Checkout.jsx, /src/pages/store/StoreProductDetailPage.jsx, /src/pages/store/StoreCartPage.jsx, /src/pages/store/StoreCategoryPage.jsx, /src/pages/store/KachaBazarDemoHomePage.jsx, /src/components/kachabazar-demo/StoreHeaderKacha.jsx, /src/storefront.jsx, /src/index.css[22m
[2m09.12.27[22m [36m[1m[vite][22m[39m [90m[2m(client)[22m[39m [32mhmr update [39m[2m/src/pages/store/Checkout.jsx, /src/pages/store/StoreProductDetailPage.jsx, /src/pages/store/StoreCartPage.jsx, /src/pages/store/StoreCategoryPage.jsx, /src/pages/store/KachaBazarDemoHomePage.jsx, /src/components/kachabazar-demo/StoreHeaderKacha.jsx, /src/storefront.jsx, /src/index.css[22m
[2m09.12.36[22m [36m[1m[vite][22m[39m [90m[2m(client)[22m[39m [32mhmr update [39m[2m/src/auth/AuthContext.jsx, /src/index.css[22m
[2m09.14.43[22m [36m[1m[vite][22m[39m [90m[2m(client)[22m[39m [32mhmr update [39m[2m/src/pages/store/Checkout.jsx, /src/pages/store/StoreProductDetailPage.jsx, /src/pages/store/StoreCartPage.jsx, /src/pages/store/StoreCategoryPage.jsx, /src/pages/store/KachaBazarDemoHomePage.jsx, /src/components/kachabazar-demo/StoreHeaderKacha.jsx, /src/storefront.jsx, /src/index.css[22m
[2m09.26.14[22m [36m[1m[vite][22m[39m [90m[2m(client)[22m[39m [32mhmr update [39m[2m/src/pages/store/Checkout.jsx, /src/pages/store/StoreProductDetailPage.jsx, /src/pages/store/StoreCartPage.jsx, /src/pages/store/StoreCategoryPage.jsx, /src/pages/store/KachaBazarDemoHomePage.jsx, /src/components/kachabazar-demo/StoreHeaderKacha.jsx, /src/storefront.jsx, /src/index.css[22m
[2m09.30.10[22m [36m[1m[vite][22m[39m [90m[2m(client)[22m[39m [32mhmr update [39m[2m/src/pages/store/Checkout.jsx, /src/pages/store/StoreProductDetailPage.jsx, /src/pages/store/StoreCartPage.jsx, /src/pages/store/StoreCategoryPage.jsx, /src/pages/store/KachaBazarDemoHomePage.jsx, /src/components/kachabazar-demo/StoreHeaderKacha.jsx, /src/storefront.jsx, /src/index.css[22m
[2m09.31.50[22m [36m[1m[vite][22m[39m [90m[2m(client)[22m[39m [32mhmr update [39m[2m/src/pages/store/Checkout.jsx, /src/pages/store/StoreProductDetailPage.jsx, /src/pages/store/StoreCartPage.jsx, /src/pages/store/StoreCategoryPage.jsx, /src/pages/store/KachaBazarDemoHomePage.jsx, /src/components/kachabazar-demo/StoreHeaderKacha.jsx, /src/storefront.jsx, /src/index.css[22m
[2m09.32.56[22m [36m[1m[vite][22m[39m [90m[2m(client)[22m[39m [32mhmr update [39m[2m/src/pages/store/Checkout.jsx, /src/pages/store/StoreProductDetailPage.jsx, /src/pages/store/StoreCartPage.jsx, /src/pages/store/StoreCategoryPage.jsx, /src/pages/store/KachaBazarDemoHomePage.jsx, /src/components/kachabazar-demo/StoreHeaderKacha.jsx, /src/storefront.jsx, /src/index.css[22m
[2m09.36.59[22m [36m[1m[vite][22m[39m [90m[2m(client)[22m[39m [32mhmr update [39m[2m/src/pages/store/Checkout.jsx, /src/pages/store/StoreProductDetailPage.jsx, /src/pages/store/StoreCartPage.jsx, /src/pages/store/StoreCategoryPage.jsx, /src/pages/store/KachaBazarDemoHomePage.jsx, /src/components/kachabazar-demo/StoreHeaderKacha.jsx, /src/storefront.jsx, /src/index.css[22m
[2m09.41.27[22m [36m[1m[vite][22m[39m [90m[2m(client)[22m[39m [32mhmr update [39m[2m/src/pages/store/Checkout.jsx, /src/pages/store/StoreProductDetailPage.jsx, /src/pages/store/StoreCartPage.jsx, /src/pages/store/StoreCategoryPage.jsx, /src/pages/store/KachaBazarDemoHomePage.jsx, /src/components/kachabazar-demo/StoreHeaderKacha.jsx, /src/storefront.jsx, /src/index.css[22m
[2m09.42.22[22m [36m[1m[vite][22m[39m [90m[2m(client)[22m[39m [32mhmr update [39m[2m/src/pages/store/Checkout.jsx, /src/pages/store/StoreProductDetailPage.jsx, /src/pages/store/StoreCartPage.jsx, /src/pages/store/StoreCategoryPage.jsx, /src/pages/store/KachaBazarDemoHomePage.jsx, /src/components/kachabazar-demo/StoreHeaderKacha.jsx, /src/storefront.jsx, /src/index.css[22m
[2m09.46.37[22m [36m[1m[vite][22m[39m [90m[2m(client)[22m[39m [32mhmr update [39m[2m/src/pages/store/Checkout.jsx, /src/pages/store/StoreProductDetailPage.jsx, /src/pages/store/StoreCartPage.jsx, /src/pages/store/StoreCategoryPage.jsx, /src/pages/store/KachaBazarDemoHomePage.jsx, /src/components/kachabazar-demo/StoreHeaderKacha.jsx, /src/storefront.jsx, /src/index.css[22m
[2m09.50.29[22m [36m[1m[vite][22m[39m [90m[2m(client)[22m[39m [32mhmr update [39m[2m/src/pages/store/Checkout.jsx, /src/pages/store/StoreProductDetailPage.jsx, /src/pages/store/StoreCartPage.jsx, /src/pages/store/StoreCategoryPage.jsx, /src/pages/store/KachaBazarDemoHomePage.jsx, /src/components/kachabazar-demo/StoreHeaderKacha.jsx, /src/storefront.jsx, /src/index.css[22m
[2m09.57.25[22m [36m[1m[vite][22m[39m [90m[2m(client)[22m[39m [32mhmr update [39m[2m/src/auth/AuthContext.jsx, /src/index.css[22m
[2m10.02.26[22m [36m[1m[vite][22m[39m [90m[2m(client)[22m[39m [32mhmr update [39m[2m/src/auth/AuthContext.jsx, /src/index.css[22m
[2m10.05.16[22m [36m[1m[vite][22m[39m [90m[2m(client)[22m[39m [32mhmr update [39m[2m/src/auth/AuthContext.jsx, /src/index.css[22m
[2m10.07.04[22m [36m[1m[vite][22m[39m [90m[2m(client)[22m[39m [32mhmr update [39m[2m/src/auth/AuthContext.jsx, /src/index.css[22m
[2m10.09.14[22m [36m[1m[vite][22m[39m [90m[2m(client)[22m[39m [32mhmr update [39m[2m/src/auth/AuthContext.jsx, /src/index.css[22m
[2m10.14.50[22m [36m[1m[vite][22m[39m [90m[2m(client)[22m[39m [32mhmr update [39m[2m/src/pages/store/Checkout.jsx, /src/pages/store/StoreProductDetailPage.jsx, /src/pages/store/StoreCartPage.jsx, /src/pages/store/StoreCategoryPage.jsx, /src/pages/store/KachaBazarDemoHomePage.jsx, /src/components/kachabazar-demo/StoreHeaderKacha.jsx, /src/storefront.jsx, /src/index.css[22m
[2m10.23.08[22m [36m[1m[vite][22m[39m [90m[2m(client)[22m[39m [32mhmr update [39m[2m/src/pages/store/Checkout.jsx, /src/pages/store/StoreProductDetailPage.jsx, /src/pages/store/StoreCartPage.jsx, /src/pages/store/StoreCategoryPage.jsx, /src/pages/store/KachaBazarDemoHomePage.jsx, /src/components/kachabazar-demo/StoreHeaderKacha.jsx, /src/storefront.jsx, /src/index.css[22m
[2m10.24.06[22m [36m[1m[vite][22m[39m [90m[2m(client)[22m[39m [32mhmr update [39m[2m/src/pages/store/Checkout.jsx, /src/pages/store/StoreProductDetailPage.jsx, /src/pages/store/StoreCartPage.jsx, /src/pages/store/StoreCategoryPage.jsx, /src/pages/store/KachaBazarDemoHomePage.jsx, /src/components/kachabazar-demo/StoreHeaderKacha.jsx, /src/storefront.jsx, /src/index.css[22m
[2m10.35.48[22m [36m[1m[vite][22m[39m [90m[2m(client)[22m[39m [32mhmr update [39m[2m/src/pages/store/Checkout.jsx, /src/pages/store/StoreProductDetailPage.jsx, /src/pages/store/StoreCartPage.jsx, /src/pages/store/StoreCategoryPage.jsx, /src/pages/store/KachaBazarDemoHomePage.jsx, /src/components/kachabazar-demo/StoreHeaderKacha.jsx, /src/storefront.jsx, /src/index.css[22m
[2m10.43.39[22m [36m[1m[vite][22m[39m [90m[2m(client)[22m[39m [32mhmr update [39m[2m/src/pages/store/Checkout.jsx, /src/pages/store/StoreProductDetailPage.jsx, /src/pages/store/StoreCartPage.jsx, /src/pages/store/StoreCategoryPage.jsx, /src/pages/store/KachaBazarDemoHomePage.jsx, /src/components/kachabazar-demo/StoreHeaderKacha.jsx, /src/storefront.jsx, /src/index.css[22m
[2m10.47.21[22m [36m[1m[vite][22m[39m [90m[2m(client)[22m[39m [32mhmr update [39m[2m/src/pages/store/Checkout.jsx, /src/pages/store/StoreProductDetailPage.jsx, /src/pages/store/StoreCartPage.jsx, /src/pages/store/StoreCategoryPage.jsx, /src/pages/store/KachaBazarDemoHomePage.jsx, /src/components/kachabazar-demo/StoreHeaderKacha.jsx, /src/storefront.jsx, /src/index.css[22m
[2m10.56.27[22m [36m[1m[vite][22m[39m [90m[2m(client)[22m[39m [32mhmr update [39m[2m/src/pages/store/Checkout.jsx, /src/pages/store/StoreProductDetailPage.jsx, /src/pages/store/StoreCartPage.jsx, /src/pages/store/StoreCategoryPage.jsx, /src/pages/store/KachaBazarDemoHomePage.jsx, /src/components/kachabazar-demo/StoreHeaderKacha.jsx, /src/storefront.jsx, /src/index.css[22m
[2m11.05.50[22m [36m[1m[vite][22m[39m [90m[2m(client)[22m[39m [32mhmr update [39m[2m/src/pages/store/Checkout.jsx, /src/pages/store/StoreProductDetailPage.jsx, /src/pages/store/StoreCartPage.jsx, /src/pages/store/StoreCategoryPage.jsx, /src/pages/store/KachaBazarDemoHomePage.jsx, /src/components/kachabazar-demo/StoreHeaderKacha.jsx, /src/storefront.jsx, /src/index.css[22m
[2m11.09.02[22m [36m[1m[vite][22m[39m [90m[2m(client)[22m[39m [32mhmr update [39m[2m/src/pages/store/Checkout.jsx, /src/pages/store/StoreProductDetailPage.jsx, /src/pages/store/StoreCartPage.jsx, /src/pages/store/StoreCategoryPage.jsx, /src/pages/store/KachaBazarDemoHomePage.jsx, /src/components/kachabazar-demo/StoreHeaderKacha.jsx, /src/storefront.jsx, /src/index.css[22m
