
> project-ecommerce@1.0.0 dev:server C:\Users\user\Documents\ecommerce-react
> pnpm --filter server dev


> server@1.0.0 dev C:\Users\user\Documents\ecommerce-react\server
> tsx watch src/server.ts

Attempting to connect to the database...
Database connected successfully.
Skipping database sync (set DB_SYNC=true to enable).
22.21.41 [tsx] change in ./src\routes\admin.orders.ts Rerunning...
cAttempting to connect to the database...
Database connected successfully.
Skipping database sync (set DDatabase connected succe23.22.01 [tsx] change in ./src\routes\auth.ts Rerunning...
cAttempting to connect to the database...
Database connected successfully.
Skipping database sync (set DB_SYNC=true to enable).
23.22.14 [tsx] change in ./src\config\database.ts Rerunning...
c23.22.14 [tsx] change in ./src\controllers\orderController.ts Restarting...
c23.22.15 [tsx] change in ./src\routes\store.ts Restarting...
c23.22.15 [tsx] change in ./src\services\coupon.service.ts Restarting...
cAttempting to connect to the database...
Database connected successfully.
Skipping database sync (set DB_SYNC=true to enable).
🚀 Server is running on http://localhost:3001 with DB sync
23.22.33 [tsx] change in ./..\packages\schemas\dist\index.js Restarting...
cAttempting to connect to the database...
Database connected successfully.
Skipping database sync (set DDatabase connected successfully.
Skipping database sync (set DB_SYNC=true to enable).23.29.40 [tsx] change in ./src\controllers\orderController.ts Restarting...
c23.29.40 [tsx] change in ./src\routes\admin.coupons.ts Restarting...
c23.29.40 [tsx] change in ./src\services\coupon.service.ts Restarting...
c23.30.01 [tsx] change in ./..\packages\schemas\dist\index.js Rerunning...
c23.30.22 [tsx] change in ./src\services\coupon.service.ts Rerunning...
cAttempting to connect to the database...
Database connected successfully.
Skipping database sync (set DB_SYNC=true to enable).
23.30.32 [tsx] change in ./..\packages\schemas\dist\index.js 23.30.32 [tsxcAttempting to connect to the database...
Database connected successfully.
Skipping database sync (set DDatabase connected succe🚀 ServSkipping database sync (set DB_SYNC=true to enable).223.31.35 [tsx] change in ./..\packages\schemas\dist\index.js Rerunning...
cAttempting to connect to the database...
Database connected successfully.
Skipping database sync (set DB_SYNC=true to enable).
23.58.20 [tsx] change in ./..\packages\schemas\dist\index.js Rerunning...
cAttempting to connect to the database...
Database connected successfully.
Skipping database sync (set DDatabase connected successfully.
Skipping database sync (set DB_SYNC=true to enable).000.26.58 [tsx] change in ./..\packages\schemas\dist\index.js Rerunning...
cAttempting to connect to the database...
Database connected successfully.
Skipping database sync (set DB_SYNC=true to enable).
00.42.12 [tsx] change in ./..\packages\schemas\dist\index.js Rerunning...
cAttempting to connect to the database...
Database connected successfully.
Skipping database sync (set DDatabase connected successfully.
Skipping database sync (set DB_SYNC=true to enable).
