[server] Port 3001 in use. Retrying on 3002 (9 retries left)...
[server] Port 3002 in use. Retrying on 3003 (8 retries left)...
[server] Port 3003 in use. Retrying on 3004 (7 retries left)...
[server] Port 3004 in use. Retrying on 3005 (6 retries left)...
[server] Port 3005 in use. Retrying on 3006 (5 retries left)...
[server] Port 3006 in use. Retrying on 3007 (4 retries left)...
[server] Port 3007 in use. Retrying on 3008 (3 retries left)...
[server] Port 3008 in use. Retrying on 3009 (2 retries left)...
[server] Port 3009 in use. Retrying on 3010 (1 retries left)...
[server] Port 3010 in use. Retrying on 3011 (0 retries left)...
Failed to start server: Error: listen EADDRINUSE: address already in use :::3011
    at Server.setupListenHandle [as _listen2] (node:net:1940:16)
    at listenInCluster (node:net:1997:12)
    at Server.listen (node:net:2102:7)
    at Function.listen (C:\Users\user\Documents\ecommerce-react\node_modules\.pnpm\express@4.21.2\node_modules\express\lib\application.js:635:24)
    at <anonymous> (C:\Users\user\Documents\ecommerce-react\server\src\server.ts:37:8)
    at new Promise (<anonymous>)
    at listenWithRetry (C:\Users\user\Documents\ecommerce-react\server\src\server.ts:35:10)
    at Timeout._onTimeout (C:\Users\user\Documents\ecommerce-react\server\src\server.ts:54:13)
    at listOnTimeout (node:internal/timers:588:17)
    at process.processTimers (node:internal/timers:523:7) {
  code: 'EADDRINUSE',
  errno: -4091,
  syscall: 'listen',
  address: '::',
  port: 3011
}
^C