
> server@1.0.0 dev C:\Users\user\Documents\ecommerce-react\server
> tsx watch src/server.ts

Attempting to connect to the database...
Database connected successfully.
Synchronizing database models...
Database synchronized successfully.
🚀 Server is running on http://localhost:3002 with DB sync
20.50.52 [tsx] change in ./src\app.ts Restarting...
cAttempting to connect to the database...
Database connected successfully.
Synchronizing database models...
20.55.33 [tsx] change in ./src\routes\store.ts Rerunning...
cAttempting to connect to the database...
Database connected successfully.
Synchronizing database models...
Database synchronized successfully.
🚀 Server is running on http://localhost:3001 with DB sync
20.57.46 [tsx] change in ./src\routes\auth.ts Restarting...
cAttempting to connect to the database...
Database connected successfully.
Synchronizing database models...
20.57.55 [tsx] change in ./src\routes\auth.ts Rerunning...
cAttempting to connect to the database...
Database connected successfully.
Synchronizing database models...
Database synchronized successfully.
🚀 Server is running on http://localhost:3001 with DB sync
21.07.32 [tsx] change in ./src\models\index.ts Restarting...
cAttempting to connect to the database...
Database connected successfully.
Synchronizing database models...
21.07.56 [tsx] change in ./src\config\database.ts Rerunning...
cAttempting to connect to the database...
Database connected successfully.
Synchronizing database models...
21.08.17 [tsx] change in ./src\config\database.ts Rerunning...
cAttempting to connect to the database...
Database connected successfully.
Synchronizing database models...
21.14.04 [tsx] change in ./src\routes\store.ts Rerunning...
cAttempting to connect to the database...
Database connected successfully.
Synchronizing database models...
21.17.06 [tsx] change in ./src\routes\health.ts Rerunning...
cAttempting to connect to the database...
Database connected successfully.
Synchronizing database models...
Database synchronized successfully.
🚀 Server is running on http://localhost:3001 with DB sync
21.22.38 [tsx] change in ./src\models\User.ts Restarting...
cAttempting to connect to the database...
Database connected successfully.
Synchronizing database models...
21.22.55 [tsx] change in ./src\server.ts Rerunning...
cAttempting to connect to the database...
Database connected successfully.
Skipping database sync (set DB_SYNC=true to enable).
🚀 Server is running on http://localhost:3010 with DB sync
C:\Users\user\Documents\ecommerce-react\server:
 ERR_PNPM_RECURSIVE_RUN_FIRST_FAIL  server@1.0.0 dev: `tsx watch src/server.ts`
Exit status 3221225786
calhost:3011 with DB sync
C:\Users\user\Documents\ecommerce-react\server:
 ERR_PNPM_RECURSIVE_RUN_FIRST_FAIL  server@1.0.0 dev: `tsx watch src/server.ts`
Exit status 3221225786
